[    0.000000] Linux version 4.15.0-135-generic (buildd@lgw01-amd64-005) (gcc version 7.5.0 (Ubuntu 7.5.0-3ubuntu1~18.04)) #139-Ubuntu SMP Mon Jan 18 17:38:24 UTC 2021 (Ubuntu 4.15.0-135.139-generic 4.15.18)
[    0.000000] Command line: BOOT_IMAGE=/boot/vmlinuz-4.15.0-135-generic root=UUID=db21665c-c1d2-4ef5-a8ae-7b42011149d9 ro console=tty1 console=ttyS0
[    0.000000] KERNEL supported cpus:
[    0.000000]   Intel GenuineIntel
[    0.000000]   AMD AuthenticAMD
[    0.000000]   Centaur CentaurHauls
[    0.000000] x86/fpu: Supporting XSAVE feature 0x001: 'x87 floating point registers'
[    0.000000] x86/fpu: Supporting XSAVE feature 0x002: 'SSE registers'
[    0.000000] x86/fpu: Supporting XSAVE feature 0x004: 'AVX registers'
[    0.000000] x86/fpu: xstate_offset[2]:  576, xstate_sizes[2]:  256
[    0.000000] x86/fpu: Enabled xstate features 0x7, context size is 832 bytes, using 'standard' format.
[    0.000000] e820: BIOS-provided physical RAM map:
[    0.000000] BIOS-e820: [mem 0x0000000000000000-0x000000000009fbff] usable
[    0.000000] BIOS-e820: [mem 0x000000000009fc00-0x000000000009ffff] reserved
[    0.000000] BIOS-e820: [mem 0x00000000000f0000-0x00000000000fffff] reserved
[    0.000000] BIOS-e820: [mem 0x0000000000100000-0x000000007ffeffff] usable
[    0.000000] BIOS-e820: [mem 0x000000007fff0000-0x000000007fffffff] ACPI data
[    0.000000] BIOS-e820: [mem 0x00000000fec00000-0x00000000fec00fff] reserved
[    0.000000] BIOS-e820: [mem 0x00000000fee00000-0x00000000fee00fff] reserved
[    0.000000] BIOS-e820: [mem 0x00000000fffc0000-0x00000000ffffffff] reserved
[    0.000000] NX (Execute Disable) protection: active
[    0.000000] SMBIOS 2.5 present.
[    0.000000] DMI: innotek GmbH VirtualBox/VirtualBox, BIOS VirtualBox 12/01/2006
[    0.000000] Hypervisor detected: KVM
[    0.000000] e820: last_pfn = 0x7fff0 max_arch_pfn = 0x400000000
[    0.000000] MTRR: Disabled
[    0.000000] x86/PAT: MTRRs disabled, skipping PAT initialization too.
[    0.000000] CPU MTRRs all blank - virtualized system.
[    0.000000] x86/PAT: Configuration [0-7]: WB  WT  UC- UC  WB  WT  UC- UC  
[    0.000000] found SMP MP-table at [mem 0x0009fff0-0x0009ffff]
[    0.000000] Scanning 1 areas for low memory corruption
[    0.000000] RAMDISK: [mem 0x3595d000-0x36ca5fff]
[    0.000000] ACPI: Early table checksum verification disabled
[    0.000000] ACPI: RSDP 0x00000000000E0000 000024 (v02 VBOX  )
[    0.000000] ACPI: XSDT 0x000000007FFF0030 00003C (v01 VBOX   VBOXXSDT 00000001 ASL  00000061)
[    0.000000] ACPI: FACP 0x000000007FFF00F0 0000F4 (v04 VBOX   VBOXFACP 00000001 ASL  00000061)
[    0.000000] ACPI: DSDT 0x000000007FFF0470 002325 (v02 VBOX   VBOXBIOS 00000002 INTL 20190509)
[    0.000000] ACPI: FACS 0x000000007FFF0200 000040
[    0.000000] ACPI: FACS 0x000000007FFF0200 000040
[    0.000000] ACPI: APIC 0x000000007FFF0240 00005C (v02 VBOX   VBOXAPIC 00000001 ASL  00000061)
[    0.000000] ACPI: SSDT 0x000000007FFF02A0 0001CC (v01 VBOX   VBOXCPUT 00000002 INTL 20190509)
[    0.000000] No NUMA configuration found
[    0.000000] Faking a node at [mem 0x0000000000000000-0x000000007ffeffff]
[    0.000000] NODE_DATA(0) allocated [mem 0x7ffc5000-0x7ffeffff]
[    0.000000] kvm-clock: cpu 0, msr 0:7ff44001, primary cpu clock
[    0.000000] kvm-clock: Using msrs 4b564d01 and 4b564d00
[    0.000000] kvm-clock: using sched offset of 4106850954 cycles
[    0.000000] clocksource: kvm-clock: mask: 0xffffffffffffffff max_cycles: 0x1cd42e4dffb, max_idle_ns: 881590591483 ns
[    0.000000] Zone ranges:
[    0.000000]   DMA      [mem 0x0000000000001000-0x0000000000ffffff]
[    0.000000]   DMA32    [mem 0x0000000001000000-0x000000007ffeffff]
[    0.000000]   Normal   empty
[    0.000000]   Device   empty
[    0.000000] Movable zone start for each node
[    0.000000] Early memory node ranges
[    0.000000]   node   0: [mem 0x0000000000001000-0x000000000009efff]
[    0.000000]   node   0: [mem 0x0000000000100000-0x000000007ffeffff]
[    0.000000] Reserved but unavailable: 98 pages
[    0.000000] Initmem setup node 0 [mem 0x0000000000001000-0x000000007ffeffff]
[    0.000000] ACPI: PM-Timer IO Port: 0x4008
[    0.000000] IOAPIC[0]: apic_id 2, version 32, address 0xfec00000, GSI 0-23
[    0.000000] ACPI: INT_SRC_OVR (bus 0 bus_irq 0 global_irq 2 dfl dfl)
[    0.000000] ACPI: INT_SRC_OVR (bus 0 bus_irq 9 global_irq 9 low level)
[    0.000000] Using ACPI (MADT) for SMP configuration information
[    0.000000] smpboot: Allowing 2 CPUs, 0 hotplug CPUs
[    0.000000] PM: Registered nosave memory: [mem 0x00000000-0x00000fff]
[    0.000000] PM: Registered nosave memory: [mem 0x0009f000-0x0009ffff]
[    0.000000] PM: Registered nosave memory: [mem 0x000a0000-0x000effff]
[    0.000000] PM: Registered nosave memory: [mem 0x000f0000-0x000fffff]
[    0.000000] e820: [mem 0x80000000-0xfebfffff] available for PCI devices
[    0.000000] Booting paravirtualized kernel on KVM
[    0.000000] clocksource: refined-jiffies: mask: 0xffffffff max_cycles: 0xffffffff, max_idle_ns: 7645519600211568 ns
[    0.000000] random: get_random_bytes called from start_kernel+0x99/0x500 with crng_init=0
[    0.000000] setup_percpu: NR_CPUS:8192 nr_cpumask_bits:2 nr_cpu_ids:2 nr_node_ids:1
[    0.000000] percpu: Embedded 45 pages/cpu s147456 r8192 d28672 u1048576
[    0.000000] PV qspinlock hash table entries: 256 (order: 0, 4096 bytes)
[    0.000000] Built 1 zonelists, mobility grouping on.  Total pages: 515961
[    0.000000] Policy zone: DMA32
[    0.000000] Kernel command line: BOOT_IMAGE=/boot/vmlinuz-4.15.0-135-generic root=UUID=db21665c-c1d2-4ef5-a8ae-7b42011149d9 ro console=tty1 console=ttyS0
[    0.000000] Memory: 2014688K/2096696K available (12300K kernel code, 2482K rwdata, 4276K rodata, 2440K init, 2724K bss, 82008K reserved, 0K cma-reserved)
[    0.000000] SLUB: HWalign=64, Order=0-3, MinObjects=0, CPUs=2, Nodes=1
[    0.000000] Kernel/User page tables isolation: enabled
[    0.000000] ftrace: allocating 39422 entries in 154 pages
[    0.004000] Hierarchical RCU implementation.
[    0.004000] 	RCU restricting CPUs from NR_CPUS=8192 to nr_cpu_ids=2.
[    0.004000] 	Tasks RCU enabled.
[    0.004000] RCU: Adjusting geometry for rcu_fanout_leaf=16, nr_cpu_ids=2
[    0.004000] NR_IRQS: 524544, nr_irqs: 440, preallocated irqs: 16
[    0.004000] Console: colour VGA+ 80x25
[    0.004000] console [tty1] enabled
[    0.004000] console [ttyS0] enabled
[    0.004000] ACPI: Core revision 20170831
[    0.004000] ACPI: 2 ACPI AML tables successfully acquired and loaded
[    0.004000] APIC: Switch to symmetric I/O mode setup
[    0.004000] x2apic enabled
[    0.004000] Switched APIC routing to physical x2apic.
[    0.005243] ..TIMER: vector=0x30 apic1=0 pin1=2 apic2=-1 pin2=-1
[    0.008003] tsc: Detected 2294.786 MHz processor
[    0.012015] Calibrating delay loop (skipped) preset value.. 4589.57 BogoMIPS (lpj=9179144)
[    0.014112] pid_max: default: 32768 minimum: 301
[    0.016038] Security Framework initialized
[    0.017054] Yama: becoming mindful.
[    0.017963] AppArmor: AppArmor initialized
[    0.020078] Dentry cache hash table entries: 262144 (order: 9, 2097152 bytes)
[    0.022633] Inode-cache hash table entries: 131072 (order: 8, 1048576 bytes)
[    0.024031] Mount-cache hash table entries: 4096 (order: 3, 32768 bytes)
[    0.025612] Mountpoint-cache hash table entries: 4096 (order: 3, 32768 bytes)
[    0.028083] Last level iTLB entries: 4KB 512, 2MB 8, 4MB 8
[    0.029446] Last level dTLB entries: 4KB 512, 2MB 32, 4MB 32, 1GB 0
[    0.030844] Spectre V1 : Mitigation: usercopy/swapgs barriers and __user pointer sanitization
[    0.032004] Spectre V2 : Mitigation: Full generic retpoline
[    0.033109] Spectre V2 : Spectre v2 / SpectreRSB mitigation: Filling RSB on context switch
[    0.034652] Speculative Store Bypass: Vulnerable
[    0.036058] MDS: Mitigation: Clear CPU buffers
[    0.037099] Freeing SMP alternatives memory: 36K
[    0.148000] smpboot: CPU0: Intel(R) Core(TM) i5-2410M CPU @ 2.30GHz (family: 0x6, model: 0x2a, stepping: 0x7)
[    0.148000] Performance Events: unsupported p6 CPU model 42 no PMU driver, software events only.
[    0.148000] Hierarchical SRCU implementation.
[    0.148618] NMI watchdog: Perf event create on CPU 0 failed with -2
[    0.149801] NMI watchdog: Perf NMI watchdog permanently disabled
[    0.150980] smp: Bringing up secondary CPUs ...
[    0.152109] x86: Booting SMP configuration:
[    0.152986] .... node  #0, CPUs:      #1
[    0.004000] kvm-clock: cpu 1, msr 0:7ff44041, secondary cpu clock
[    0.156042] smp: Brought up 1 node, 2 CPUs
[    0.157032] smpboot: Max logical packages: 1
[    0.160007] smpboot: Total of 2 processors activated (9179.14 BogoMIPS)
[    0.161462] devtmpfs: initialized
[    0.161462] x86/mm: Memory block size: 128MB
[    0.161866] evm: security.selinux
[    0.164005] evm: security.SMACK64
[    0.164727] evm: security.SMACK64EXEC
[    0.165489] evm: security.SMACK64TRANSMUTE
[    0.166312] evm: security.SMACK64MMAP
[    0.167068] evm: security.apparmor
[    0.168004] evm: security.ima
[    0.168660] evm: security.capability
[    0.169478] clocksource: jiffies: mask: 0xffffffff max_cycles: 0xffffffff, max_idle_ns: 7645041785100000 ns
[    0.172023] futex hash table entries: 512 (order: 3, 32768 bytes)
[    0.173308] pinctrl core: initialized pinctrl subsystem
[    0.174501] RTC time:  8:29:14, date: 02/18/21
[    0.176174] NET: Registered protocol family 16
[    0.177214] audit: initializing netlink subsys (disabled)
[    0.178292] audit: type=2000 audit(1613636960.033:1): state=initialized audit_enabled=0 res=1
[    0.180029] cpuidle: using governor ladder
[    0.180869] cpuidle: using governor menu
[    0.181662] ACPI: bus type PCI registered
[    0.184006] acpiphp: ACPI Hot Plug PCI Controller Driver version: 0.5
[    0.185644] PCI: Using configuration type 1 for base access
[    0.189096] HugeTLB registered 2.00 MiB page size, pre-allocated 0 pages
[    0.192126] ACPI: Added _OSI(Module Device)
[    0.193009] ACPI: Added _OSI(Processor Device)
[    0.193940] ACPI: Added _OSI(3.0 _SCP Extensions)
[    0.194896] ACPI: Added _OSI(Processor Aggregator Device)
[    0.196009] ACPI: Added _OSI(Linux-Dell-Video)
[    0.196944] ACPI: Added _OSI(Linux-Lenovo-NV-HDMI-Audio)
[    0.198050] ACPI: Added _OSI(Linux-HPI-Hybrid-Graphics)
[    0.199438] ACPI: Executed 1 blocks of module-level executable AML code
[    0.205101] ACPI: Interpreter enabled
[    0.205868] ACPI: (supports S0 S5)
[    0.206664] ACPI: Using IOAPIC for interrupt routing
[    0.207934] PCI: Using host bridge windows from ACPI; if necessary, use "pci=nocrs" and report a bug
[    0.208193] ACPI: Enabled 2 GPEs in block 00 to 07
[    0.217863] ACPI: PCI Root Bridge [PCI0] (domain 0000 [bus 00-ff])
[    0.219117] acpi PNP0A03:00: _OSC: OS supports [ASPM ClockPM Segments MSI]
[    0.220000] acpi PNP0A03:00: _OSC: not requesting OS control; OS requires [ExtendedConfig ASPM ClockPM MSI]
[    0.220017] acpi PNP0A03:00: fail to add MMCONFIG information, can't access extended PCI configuration space under this bridge.
[    0.222573] PCI host bridge to bus 0000:00
[    0.224009] pci_bus 0000:00: root bus resource [io  0x0000-0x0cf7 window]
[    0.225226] pci_bus 0000:00: root bus resource [io  0x0d00-0xffff window]
[    0.226421] pci_bus 0000:00: root bus resource [mem 0x000a0000-0x000bffff window]
[    0.228004] pci_bus 0000:00: root bus resource [mem 0x80000000-0xfdffffff window]
[    0.229442] pci_bus 0000:00: root bus resource [bus 00-ff]
[    0.233186] pci 0000:00:01.1: legacy IDE quirk: reg 0x10: [io  0x01f0-0x01f7]
[    0.234539] pci 0000:00:01.1: legacy IDE quirk: reg 0x14: [io  0x03f6]
[    0.235788] pci 0000:00:01.1: legacy IDE quirk: reg 0x18: [io  0x0170-0x0177]
[    0.236004] pci 0000:00:01.1: legacy IDE quirk: reg 0x1c: [io  0x0376]
[    0.276441] pci 0000:00:07.0: quirk: [io  0x4000-0x403f] claimed by PIIX4 ACPI
[    0.278795] pci 0000:00:07.0: quirk: [io  0x4100-0x410f] claimed by PIIX4 SMB
[    0.309437] ACPI: PCI Interrupt Link [LNKA] (IRQs 5 9 10 *11)
[    0.312223] ACPI: PCI Interrupt Link [LNKB] (IRQs 5 9 *10 11)
[    0.314011] ACPI: PCI Interrupt Link [LNKC] (IRQs 5 *9 10 11)
[    0.315378] ACPI: PCI Interrupt Link [LNKD] (IRQs 5 9 10 *11)
[    0.316556] SCSI subsystem initialized
[    0.317490] pci 0000:00:02.0: vgaarb: setting as boot VGA device
[    0.317620] pci 0000:00:02.0: vgaarb: VGA device added: decodes=io+mem,owns=io+mem,locks=none
[    0.320016] pci 0000:00:02.0: vgaarb: bridge control possible
[    0.321427] vgaarb: loaded
[    0.324046] ACPI: bus type USB registered
[    0.324861] usbcore: registered new interface driver usbfs
[    0.325905] usbcore: registered new interface driver hub
[    0.326965] usbcore: registered new device driver usb
[    0.328073] EDAC MC: Ver: 3.0.0
[    0.328959] PCI: Using ACPI for IRQ routing
[    0.329153] NetLabel: Initializing
[    0.329894] NetLabel:  domain hash size = 128
[    0.332003] NetLabel:  protocols = UNLABELED CIPSOv4 CALIPSO
[    0.333080] NetLabel:  unlabeled traffic allowed by default
[    0.334190] clocksource: Switched to clocksource kvm-clock
[    0.346584] VFS: Disk quotas dquot_6.6.0
[    0.347460] VFS: Dquot-cache hash table entries: 512 (order 0, 4096 bytes)
[    0.349013] AppArmor: AppArmor Filesystem Enabled
[    0.349961] pnp: PnP ACPI init
[    0.351802] pnp: PnP ACPI: found 3 devices
[    0.366826] clocksource: acpi_pm: mask: 0xffffff max_cycles: 0xffffff, max_idle_ns: 2085701024 ns
[    0.368757] NET: Registered protocol family 2
[    0.369936] TCP established hash table entries: 16384 (order: 5, 131072 bytes)
[    0.371579] TCP bind hash table entries: 16384 (order: 6, 262144 bytes)
[    0.373048] TCP: Hash tables configured (established 16384 bind 16384)
[    0.375147] UDP hash table entries: 1024 (order: 3, 32768 bytes)
[    0.376415] UDP-Lite hash table entries: 1024 (order: 3, 32768 bytes)
[    0.377696] NET: Registered protocol family 1
[    0.378652] pci 0000:00:00.0: Limiting direct PCI/PCI transfers
[    0.379839] pci 0000:00:01.0: Activating ISA DMA hang workarounds
[    0.381182] pci 0000:00:02.0: Video device with shadowed ROM at [mem 0x000c0000-0x000dffff]
[    0.382994] Unpacking initramfs...
[    0.707411] Freeing initrd memory: 19748K
[    0.708443] clocksource: tsc: mask: 0xffffffffffffffff max_cycles: 0x2113f7e44a7, max_idle_ns: 440795281465 ns
[    0.710314] platform rtc_cmos: registered platform RTC device (no PNP device found)
[    0.711789] Scanning for low memory corruption every 60 seconds
[    0.713853] Initialise system trusted keyrings
[    0.714816] Key type blacklist registered
[    0.715700] workingset: timestamp_bits=36 max_order=19 bucket_order=0
[    0.718235] zbud: loaded
[    0.719458] squashfs: version 4.0 (2009/01/31) Phillip Lougher
[    0.720842] fuse init (API version 7.26)
[    0.724355] Key type asymmetric registered
[    0.725159] Asymmetric key parser 'x509' registered
[    0.726167] Block layer SCSI generic (bsg) driver version 0.4 loaded (major 246)
[    0.727672] io scheduler noop registered
[    0.728668] io scheduler deadline registered
[    0.729723] io scheduler cfq registered (default)
[    0.731044] ACPI: AC Adapter [AC] (on-line)
[    0.731965] input: Power Button as /devices/LNXSYSTM:00/LNXPWRBN:00/input/input0
[    0.733652] ACPI: Power Button [PWRF]
[    0.734522] input: Sleep Button as /devices/LNXSYSTM:00/LNXSLPBN:00/input/input1
[    0.736003] ACPI: Sleep Button [SLPF]
[    0.738387] ACPI: Battery Slot [BAT0] (battery present)
[    0.739514] Serial: 8250/16550 driver, 32 ports, IRQ sharing enabled
[    0.761757] 00:02: ttyS0 at I/O 0x3f8 (irq = 4, base_baud = 115200) is a 16550A
[    0.767228] Linux agpgart interface v0.103
[    0.770090] loop: module loaded
[    0.771401] scsi host0: ata_piix
[    0.772305] scsi host1: ata_piix
[    0.773329] ata1: PATA max UDMA/33 cmd 0x1f0 ctl 0x3f6 bmdma 0xd000 irq 14
[    0.777076] ata2: PATA max UDMA/33 cmd 0x170 ctl 0x376 bmdma 0xd008 irq 15
[    0.780631] libphy: Fixed MDIO Bus: probed
[    0.782337] tun: Universal TUN/TAP device driver, 1.6
[    0.784688] PPP generic driver version 2.4.2
[    0.786315] ehci_hcd: USB 2.0 'Enhanced' Host Controller (EHCI) Driver
[    0.787879] ehci-pci: EHCI PCI platform driver
[    0.789094] ehci-platform: EHCI generic platform driver
[    0.791389] ohci_hcd: USB 1.1 'Open' Host Controller (OHCI) Driver
[    0.792900] ohci-pci: OHCI PCI platform driver
[    0.793854] ohci-platform: OHCI generic platform driver
[    0.794906] uhci_hcd: USB Universal Host Controller Interface driver
[    0.796199] i8042: PNP: PS/2 Controller [PNP0303:PS2K,PNP0f03:PS2M] at 0x60,0x64 irq 1,12
[    0.798446] serio: i8042 KBD port at 0x60,0x64 irq 1
[    0.799864] serio: i8042 AUX port at 0x60,0x64 irq 12
[    0.801134] mousedev: PS/2 mouse device common for all mice
[    0.802819] input: AT Translated Set 2 keyboard as /devices/platform/i8042/serio0/input/input2
[    0.804669] rtc_cmos rtc_cmos: rtc core: registered rtc_cmos as rtc0
[    0.805906] rtc_cmos rtc_cmos: alarms up to one day, 114 bytes nvram
[    0.807077] i2c /dev entries driver
[    0.807836] device-mapper: uevent: version 1.0.3
[    0.808892] device-mapper: ioctl: 4.37.0-ioctl (2017-09-20) initialised: dm-devel@redhat.com
[    0.810591] ledtrig-cpu: registered to indicate activity on CPUs
[    0.812181] NET: Registered protocol family 10
[    0.821936] Segment Routing with IPv6
[    0.823883] NET: Registered protocol family 17
[    0.826177] Key type dns_resolver registered
[    0.828797] mce: Using 0 MCE banks
[    0.830512] RAS: Correctable Errors collector initialized.
[    0.833108] sched_clock: Marking stable (833051611, 0)->(1012677358, -179625747)
[    0.835288] registered taskstats version 1
[    0.836112] Loading compiled-in X.509 certificates
[    0.843447] Loaded X.509 cert 'Build time autogenerated kernel key: 399a566a2ea98257ce6f7132c633527e9761cd56'
[    0.846259] zswap: loaded using pool lzo/zbud
[    0.856263] Key type big_key registered
[    0.857380] Key type trusted registered
[    0.863693] Key type encrypted registered
[    0.865361] AppArmor: AppArmor sha1 policy hashing enabled
[    0.866835] ima: No TPM chip found, activating TPM-bypass! (rc=-19)
[    0.868382] ima: Allocated hash algorithm: sha1
[    0.869591] evm: HMAC attrs: 0x1
[    0.870893]   Magic number: 9:101:473
[    0.872188] rtc_cmos rtc_cmos: setting system clock to 2021-02-18 08:29:15 UTC (1613636955)
[    0.874338] BIOS EDD facility v0.16 2004-Jun-25, 0 devices found
[    0.875433] EDD information not available.
[    1.180061] Freeing unused kernel image memory: 2440K
[    1.602130] Write protecting the kernel read-only data: 20480k
[    1.605576] Freeing unused kernel image memory: 2008K
[    1.607829] Freeing unused kernel image memory: 1868K
[    1.620686] x86/mm: Checked W+X mappings: passed, no W+X pages found.
[    1.622774] x86/mm: Checking user space page tables
[    1.636223] x86/mm: Checked W+X mappings: passed, no W+X pages found.
Loading, please wait...
starting version 237
[    1.759183] Fusion MPT base driver 3.04.20
[    1.760357] Copyright (c) 1999-2008 LSI Corporation
[    1.790560] e1000: Intel(R) PRO/1000 Network Driver - version 7.3.21-k8-NAPI
[    1.792592] e1000: Copyright (c) 1999-2006 Intel Corporation.
[    1.806595] AVX version of gcm_enc/dec engaged.
[    1.807523] AES CTR mode by8 optimization enabled
[    1.809160] Fusion MPT SPI Host driver 3.04.20
[    1.971236] input: ImExPS/2 Generic Explorer Mouse as /devices/platform/i8042/serio1/input/input4
[    2.193830] e1000 0000:00:03.0 eth0: (PCI:33MHz:32-bit) 02:9d:c8:d0:97:b6
[    2.195247] e1000 0000:00:03.0 eth0: Intel(R) PRO/1000 Network Connection
[    2.197594] mptbase: ioc0: Initiating bringup
[    2.293007] ioc0: LSI53C1030 A0: Capabilities={Initiator}
[    2.544339] scsi host2: ioc0: LSI53C1030 A0, FwRev=00000000h, Ports=1, MaxQ=256, IRQ=20
[    2.712820] scsi 2:0:0:0: Direct-Access     VBOX     HARDDISK         1.0  PQ: 0 ANSI: 5
[    2.744158] scsi target2:0:0: Beginning Domain Validation
[    2.747651] scsi target2:0:0: Domain Validation skipping write tests
[    2.749586] scsi target2:0:0: Ending Domain Validation
[    2.764476] scsi target2:0:0: asynchronous
[    2.786159] scsi 2:0:1:0: Direct-Access     VBOX     HARDDISK         1.0  PQ: 0 ANSI: 5
[    2.827863] scsi target2:0:1: Beginning Domain Validation
[    2.832879] random: fast init done
[    2.833939] scsi target2:0:1: Domain Validation skipping write tests
[    2.835100] scsi target2:0:1: Ending Domain Validation
[    2.836188] scsi target2:0:1: asynchronous
[    2.841308] random: systemd-udevd: uninitialized urandom read (16 bytes read)
[    2.842656] random: systemd-udevd: uninitialized urandom read (16 bytes read)
[    2.843956] random: systemd-udevd: uninitialized urandom read (16 bytes read)
[    2.845631] sd 2:0:0:0: Attached scsi generic sg0 type 0
[    2.846805] sd 2:0:1:0: Attached scsi generic sg1 type 0
[    2.848673] sd 2:0:0:0: [sda] 20971520 512-byte logical blocks: (10.7 GB/10.0 GiB)
[    2.850261] sd 2:0:0:0: [sda] Write Protect is off
[    2.851375] sd 2:0:0:0: [sda] Incomplete mode parameter data
[    2.852495] sd 2:0:0:0: [sda] Assuming drive cache: write through
[    2.858627] sd 2:0:1:0: [sdb] 20480 512-byte logical blocks: (10.5 MB/10.0 MiB)
[    2.864425] sd 2:0:1:0: [sdb] Write Protect is off
[    2.867494]  sda: sda1
[    2.868458] sd 2:0:1:0: [sdb] Incomplete mode parameter data
[    2.869970] sd 2:0:1:0: [sdb] Assuming drive cache: write through
[    2.873132] sd 2:0:0:0: [sda] Attached SCSI disk
[    2.905475] sd 2:0:1:0: [sdb] Attached SCSI disk
[    3.137030] e1000 0000:00:08.0 eth1: (PCI:33MHz:32-bit) 08:00:27:3d:cd:3f
[    3.138721] e1000 0000:00:08.0 eth1: Intel(R) PRO/1000 Network Connection
[    3.142036] e1000 0000:00:08.0 enp0s8: renamed from eth1
[    3.156690] e1000 0000:00:03.0 enp0s3: renamed from eth0
Begin: Loading essential drivers ... [    5.085020] raid6: sse2x1   gen()  5683 MB/s
[    5.133002] raid6: sse2x1   xor()  5743 MB/s
[    5.180289] raid6: sse2x2   gen()  9675 MB/s
[    5.228127] raid6: sse2x2   xor()  6431 MB/s
[    5.281004] raid6: sse2x4   gen() 12664 MB/s
[    5.329045] raid6: sse2x4   xor()  7985 MB/s
[    5.329884] raid6: using algorithm sse2x4 gen() 12664 MB/s
[    5.330937] raid6: .... xor() 7985 MB/s, rmw enabled
[    5.331879] raid6: using ssse3x2 recovery algorithm
[    5.338357] xor: automatically using best checksumming function   avx       
[    5.344023] async_tx: api initialized (async)
done.
Begin: Running /scripts/init-premount ... done.
Begin: Mounting root file system ... Begin: Running /scripts/local-top ... done.
Begin: Running /scripts/local-premount ... [    5.414380] Btrfs loaded, crc32c=crc32c-intel
Scanning for Btrfs filesystems
done.
Warning: fsck not present, so skipping root file system
[    5.527057] EXT4-fs (sda1): mounted filesystem with ordered data mode. Opts: (null)
done.
Begin: Running /scripts/local-bottom ... done.
Begin: Running /scripts/init-bottom ... done.
[    6.901486] ip_tables: (C) 2000-2006 Netfilter Core Team
[    7.018572] systemd[1]: systemd 237 running in system mode. (+PAM +AUDIT +SELINUX +IMA +APPARMOR +SMACK +SYSVINIT +UTMP +LIBCRYPTSETUP +GCRYPT +GNUTLS +ACL +XZ +LZ4 +SECCOMP +BLKID +ELFUTILS +KMOD -IDN2 +IDN -PCRE2 default-hierarchy=hybrid)
[    7.027961] systemd[1]: Detected virtualization oracle.
[    7.029680] systemd[1]: Detected architecture x86-64.

Welcome to [1mUbuntu 18.04.5 LTS[0m!

[    7.063929] systemd[1]: Set hostname to <kmaster-1>.
[    7.952323] random: crng init done
[    7.954617] random: 7 urandom warning(s) missed due to ratelimiting
[    9.248572] systemd[1]: Configuration file /lib/systemd/system/kubelet.service is marked world-inaccessible. This has no effect as configuration data is accessible via APIs without restrictions. Proceeding anyway.
[    9.306762] systemd[1]: Configuration file /etc/systemd/system/kubelet.service.d/10-kubeadm.conf is marked world-inaccessible. This has no effect as configuration data is accessible via APIs without restrictions. Proceeding anyway.
[    9.541434] systemd[1]: Reached target Swap.
[[0;32m  OK  [0m] Reached target Swap.
[    9.544761] systemd[1]: Reached target User and Group Name Lookups.
[[0;32m  OK  [0m] Reached target User and Group Name Lookups.
[    9.548277] systemd[1]: Reached target System Time Synchronized.
[[0;32m  OK  [0m] Reached target System Time Synchronized.
[    9.550628] systemd[1]: Set up automount Arbitrary Executable File Formats File System Automount Point.
[[0;32m  OK  [0m] Set up automount Arbitrary Executab…rmats File System Automount Point.
[[0;32m  OK  [0m] Created slice User and Session Slice.
[[0;32m  OK  [0m] Created slice System Slice.
[[0;32m  OK  [0m] Listening on Journal Audit Socket.
[[0;32m  OK  [0m] Listening on Network Service Netlink Socket.
[[0;32m  OK  [0m] Listening on Syslog Socket.
[[0;32m  OK  [0m] Listening on LVM2 metadata daemon socket.
[[0;32m  OK  [0m] Reached target Slices.
[[0;32m  OK  [0m] Listening on Device-mapper event daemon FIFOs.
[[0;32m  OK  [0m] Listening on Journal Socket.
         Starting Monitoring of LVM2 mirrors…ng dmeventd or progress polling...
         Mounting POSIX Message Queue File System...
         Mounting Kernel Debug File System...
         Starting Set the console keyboard layout...
         Starting Create list of required st…ce nodes for the current kernel...
         Starting Uncomplicated firewall...
[[0;32m  OK  [0m] Listening on /dev/initctl Compatibility Named Pipe.
[[0;32m  OK  [0m] Listening on LVM2 poll daemon socket.
[[0;32m  OK  [0m] Listening on udev Control Socket.
         Mounting Huge Pages File System...
[[0;32m  OK  [0m] Listening on udev Kernel Socket.
         Starting udev Coldplug all Devices...
         Starting Remount Root and Kernel File Systems...
[[0;32m  OK  [0m] Created slice system-serial\x2dgetty.slice.
[[0;32m  OK  [0m] Listening on Journal Socket (/dev/log).
         Starting Journal Service...
         Starting Load Kernel Modules...
[[0;32m  OK  [0m] Started Forward Password Requests to Wall Directory Watch.
[[0;32m  OK  [0m] Mounted POSIX Message Queue File System.
[[0;32m  OK  [0m] Mounted Kernel Debug File System.
[[0;32m  OK  [0m] Started Create list of required sta…vice nodes for the current kernel.
[[0;32m  OK  [0m] Started Uncomplicated firewall.
[[0;32m  OK  [0m] Mounted Huge Pages File System.
         Starting Create Static Device Nodes in /dev...
[[0;32m  OK  [0m] Started udev Coldplug all Devices.
[    9.888183] EXT4-fs (sda1): re-mounted. Opts: (null)
[[0;32m  OK  [0m] Started Remount Root and Kernel File Systems.
         Starting Load/Save Random Seed...
[[0;32m  OK  [0m] Started Journal Service.
         Starting Flush Journal to Persistent Storage...
[[0;32m  OK  [0m] Started Set the console keyboard layout.
[   10.230161] bridge: filtering via arp/ip/ip6tables is no longer available by default. Update your scripts to load br_netfilter if you need this.
[[0;32m  OK  [0m] Started Load/Save Random Seed.
[   10.330300] systemd-journald[414]: Received request to flush runtime journal from PID 1
[   10.413451] Bridge firewalling registered
[[0;32m  OK  [0m] Started LVM2 metadata daemon.
[[0;32m  OK  [0m] Started Create Static Device Nodes in /dev.
         Starting udev Kernel Device Manager...
[   10.694903] Loading iSCSI transport class v2.0-870.
[[0;32m  OK  [0m] Started Monitoring of LVM2 mirrors,…sing dmeventd or progress polling.
[[0;32m  OK  [0m] Reached target Local File Systems (Pre).
[[0;32m  OK  [0m] Reached target Local File Systems.
         Starting Set console font and keymap...
         Starting Tell Plymouth To Write Out Runtime Data...
         Starting AppArmor initialization...
         Starting ebtables ruleset management...
[   10.879443] iscsi: registered transport (tcp)
[[0;32m  OK  [0m] Started Set console font and keymap.
[[0;32m  OK  [0m] Started Tell Plymouth To Write Out Runtime Data.
[   11.490864] iscsi: registered transport (iser)
[[0;32m  OK  [0m] Started Load Kernel Modules.
         Mounting Kernel Configuration File System...
         Mounting FUSE Control File System...
         Starting Apply Kernel Variables...
[[0;32m  OK  [0m] Mounted Kernel Configuration File System.
[[0;32m  OK  [0m] Mounted FUSE Control File System.
[[0;32m  OK  [0m] Started udev Kernel Device Manager.
[[0;32m  OK  [0m] Started Dispatch Password Requests to Console Directory Watch.
[[0;32m  OK  [0m] Reached target Local Encrypted Volumes.
[[0;32m  OK  [0m] Started Apply Kernel Variables.
[[0;32m  OK  [0m] Started ebtables ruleset management.
[[0;32m  OK  [0m] Found device /dev/ttyS0.
[[0;32m  OK  [0m] Listening on Load/Save RF Kill Switch Status /dev/rfkill Watch.
[[0;32m  OK  [0m] Started Flush Journal to Persistent Storage.
         Starting Create Volatile Files and Directories...
[[0;32m  OK  [0m] Started AppArmor initialization.
         Starting Load AppArmor profiles managed internally by snapd...
[[0;32m  OK  [0m] Started Load AppArmor profiles managed internally by snapd.
[[0;32m  OK  [0m] Started Create Volatile Files and Directories.
         Starting Initial cloud-init job (pre-networking)...
         Starting Update UTMP about System Boot/Shutdown...
[[0;32m  OK  [0m] Started Update UTMP about System Boot/Shutdown.
[   22.745498] cloud-init[567]: Cloud-init v. 20.3-2-g371b392c-0ubuntu1~18.04.1 running 'init-local' at Thu, 18 Feb 2021 08:29:36 +0000. Up 21.99 seconds.
[[0;32m  OK  [0m] Started Initial cloud-init job (pre-networking).
[[0;32m  OK  [0m] Reached target Network (Pre).
         Starting Network Service...
[[0;32m  OK  [0m] Started Network Service.
         Starting Wait for Network to be Configured...
         Starting Network Name Resolution...
[[0;32m  OK  [0m] Started Network Name Resolution.
[[0;32m  OK  [0m] Reached target Host and Network Name Lookups.
[[0;32m  OK  [0m] Reached target Network.
[[0;32m  OK  [0m] Started Wait for Network to be Configured.
         Starting Initial cloud-init job (metadata service crawler)...
[   25.575736] cloud-init[694]: Cloud-init v. 20.3-2-g371b392c-0ubuntu1~18.04.1 running 'init' at Thu, 18 Feb 2021 08:29:39 +0000. Up 25.28 seconds.
[   25.579222] cloud-init[694]: ci-info: ++++++++++++++++++++++++++++++++++++++Net device info+++++++++++++++++++++++++++++++++++++++
[   25.581438] cloud-init[694]: ci-info: +--------+------+-----------------------------+---------------+--------+-------------------+
[   25.583094] cloud-init[694]: ci-info: | Device |  Up  |           Address           |      Mask     | Scope  |     Hw-Address    |
[   25.584691] cloud-init[694]: ci-info: +--------+------+-----------------------------+---------------+--------+-------------------+
[   25.586500] cloud-init[694]: ci-info: | enp0s3 | True |          10.0.2.15          | 255.255.255.0 | global | 02:9d:c8:d0:97:b6 |
[   25.588525] cloud-init[694]: ci-info: | enp0s3 | True |  fe80::9d:c8ff:fed0:97b6/64 |       .       |  link  | 02:9d:c8:d0:97:b6 |
[   25.590337] cloud-init[694]: ci-info: | enp0s8 | True |         192.168.6.11        | 255.255.255.0 | global | 08:00:27:3d:cd:3f |
[   25.592287] cloud-init[694]: ci-info: | enp0s8 | True | fe80::a00:27ff:fe3d:cd3f/64 |       .       |  link  | 08:00:27:3d:cd:3f |
[   25.594187] cloud-init[694]: ci-info: |   lo   | True |          127.0.0.1          |   255.0.0.0   |  host  |         .         |
[   25.596081] cloud-init[694]: ci-info: |   lo   | True |           ::1/128           |       .       |  host  |         .         |
[   25.598114] cloud-init[694]: ci-info: +--------+------+-----------------------------+---------------+--------+-------------------+
[   25.609223] cloud-init[694]: ci-info: ++++++++++++++++++++++++++++Route IPv4 info+++++++++++++++++++++++++++++
[   25.611360] cloud-init[694]: ci-info: +-------+-------------+----------+-----------------+-----------+-------+
[   25.614044] cloud-init[694]: ci-info: | Route | Destination | Gateway  |     Genmask     | Interface | Flags |
[   25.616318] cloud-init[694]: ci-info: +-------+-------------+----------+-----------------+-----------+-------+
[   25.618320] cloud-init[694]: ci-info: |   0   |   0.0.0.0   | 10.0.2.2 |     0.0.0.0     |   enp0s3  |   UG  |
[   25.620051] cloud-init[694]: ci-info: |   1   |   10.0.2.0  | 0.0.0.0  |  255.255.255.0  |   enp0s3  |   U   |
[   25.621889] cloud-init[694]: ci-info: |   2   |   10.0.2.2  | 0.0.0.0  | 255.255.255.255 |   enp0s3  |   UH  |
[   25.623563] cloud-init[694]: ci-info: |   3   | 192.168.6.0 | 0.0.0.0  |  255.255.255.0  |   enp0s8  |   U   |
[   25.625220] cloud-init[694]: ci-info: +-------+-------------+----------+-----------------+-----------+-------+
[   25.626883] cloud-init[694]: ci-info: +++++++++++++++++++Route IPv6 info+++++++++++++++++++
[   25.628450] cloud-init[694]: ci-info: +-------+-------------+---------+-----------+-------+
[   25.629893] cloud-init[694]: ci-info: | Route | Destination | Gateway | Interface | Flags |
[   25.631178] cloud-init[694]: ci-info: +-------+-------------+---------+-----------+-------+
[   25.632672] cloud-init[694]: ci-info: |   1   |  fe80::/64  |    ::   |   enp0s8  |   U   |
[   25.634117] cloud-init[694]: ci-info: |   2   |  fe80::/64  |    ::   |   enp0s3  |   U   |
[   25.635527] cloud-init[694]: ci-info: |   4   |    local    |    ::   |   enp0s3  |   U   |
[   25.636889] cloud-init[694]: ci-info: |   5   |    local    |    ::   |   enp0s8  |   U   |
[   25.638322] cloud-init[694]: ci-info: |   6   |   ff00::/8  |    ::   |   enp0s8  |   U   |
[   25.639554] cloud-init[694]: ci-info: |   7   |   ff00::/8  |    ::   |   enp0s3  |   U   |
[   25.640791] cloud-init[694]: ci-info: +-------+-------------+---------+-----------+-------+
[[0;32m  OK  [0m] Started Initial cloud-init job (metadata service crawler).
[[0;32m  OK  [0m] Reached target Cloud-config availability.
[[0;32m  OK  [0m] Reached target System Initialization.
[[0;32m  OK  [0m] Started Daily apt download activities.
[[0;32m  OK  [0m] Started Daily apt upgrade and clean activities.
[[0;32m  OK  [0m] Started Daily Cleanup of Temporary Directories.
[[0;32m  OK  [0m] Started Discard unused blocks once a week.
         Starting Socket activation for snappy daemon.
         Starting Docker Socket for the API.
[[0;32m  OK  [0m] Listening on UUID daemon activation socket.
[[0;32m  OK  [0m] Started Message of the Day.
         Starting LXD - unix socket.
[[0;32m  OK  [0m] Reached target Timers.
[[0;32m  OK  [0m] Listening on ACPID Listen Socket.
[[0;32m  OK  [0m] Listening on Open-iSCSI iscsid Socket.
[[0;32m  OK  [0m] Listening on D-Bus System Message Bus Socket.
[[0;32m  OK  [0m] Started ACPI Events Check.
[[0;32m  OK  [0m] Reached target Paths.
[[0;32m  OK  [0m] Reached target Network is Online.
[[0;32m  OK  [0m] Reached target Remote File Systems (Pre).
[[0;32m  OK  [0m] Reached target Remote File Systems.
         Starting Availability of block devices...
[[0;32m  OK  [0m] Listening on Socket activation for snappy daemon.
[[0;32m  OK  [0m] Listening on Docker Socket for the API.
[[0;32m  OK  [0m] Listening on LXD - unix socket.
[[0;32m  OK  [0m] Reached target Sockets.
[[0;32m  OK  [0m] Reached target Basic System.
[[0;32m  OK  [0m] Started FUSE filesystem for LXC.
         Starting System Logging Service...
[[0;32m  OK  [0m] Started D-Bus System Message Bus.
[[0;32m  OK  [0m] Started Regular background program processing daemon.
[[0;32m  OK  [0m] Started kubelet: The Kubernetes Node Agent.
         Starting Discard unused blocks...
         Starting Virtualbox guest utils...
         Starting Snap Daemon...
         Starting Accounts Service...
         Starting Dispatcher daemon for systemd-networkd...
[[0;32m  OK  [0m] Started Deferred execution scheduler.
         Starting Login Service...
         Starting Message of the Day...
         Starting Permit User Sessions...
         Starting LSB: Record successful boot for GRUB...
         Starting containerd container runtime...
[[0;32m  OK  [0m] Started irqbalance daemon.
         Starting LXD - container startup/shutdown...
         Starting OpenBSD Secure Shell server...
         Starting LSB: automatic crash report generation...
[[0;32m  OK  [0m] Started System Logging Service.
[[0;32m  OK  [0m] Started Availability of block devices.
[[0;32m  OK  [0m] Started Discard unused blocks.
[[0;32m  OK  [0m] Started Permit User Sessions.
[[0;32m  OK  [0m] Started containerd container runtime.
[[0;32m  OK  [0m] Started Login Service.
[[0;32m  OK  [0m] Started Unattended Upgrades Shutdown.
         Starting Docker Application Container Engine...
         Starting Terminate Plymouth Boot Screen...
         Starting Hold until boot process finishes up...
[[0;32m  OK  [0m] Started Hold until boot process finishes up.
[[0;32m  OK  [0m] Started Terminate Plymouth Boot Screen.
         Starting Set console scheme...
[[0;32m  OK  [0m] Started Serial Getty on ttyS0.
[[0;32m  OK  [0m] Started Set console scheme.
[[0;32m  OK  [0m] Created slice system-getty.slice.
[[0;32m  OK  [0m] Started Getty on tty1.
[[0;32m  OK  [0m] Reached target Login Prompts.
         Starting Authorization Manager...
[[0;32m  OK  [0m] Started LSB: Record successful boot for GRUB.
[[0;32m  OK  [0m] Started LSB: automatic crash report generation.
[[0;32m  OK  [0m] Started Authorization Manager.
[[0;32m  OK  [0m] Started Accounts Service.
[[0;32m  OK  [0m] Started Dispatcher daemon for systemd-networkd.
[[0;32m  OK  [0m] Started Virtualbox guest utils.

Ubuntu 18.04.5 LTS kmaster-1 ttyS0

kmaster-1 login: [   43.451591] cloud-init[1371]: Cloud-init v. 20.3-2-g371b392c-0ubuntu1~18.04.1 running 'modules:config' at Thu, 18 Feb 2021 08:29:56 +0000. Up 42.07 seconds.
[   69.304752] cloud-init[2243]: Cloud-init v. 20.3-2-g371b392c-0ubuntu1~18.04.1 running 'modules:final' at Thu, 18 Feb 2021 08:30:23 +0000. Up 68.93 seconds.
[   69.305010] cloud-init[2243]: Cloud-init v. 20.3-2-g371b392c-0ubuntu1~18.04.1 finished at Thu, 18 Feb 2021 08:30:23 +0000. Datasource DataSourceNoCloud [seed=/dev/sdb][dsmode=net].  Up 69.29 seconds
         Stopping User Manager for UID 1000...
         Stopping Authorization Manager...
         Stopping libcontainer container ce2…546c2d1d6be713d81a2b3a11c95941ae5.
[[0;32m  OK  [0m] Stopped target Cloud-init target.
         Stopping libcontainer container 841…d91a3742920c783b1aa84a9346faab88f.
[[0;32m  OK  [0m] Closed Load/Save RF Kill Switch Status /dev/rfkill Watch.
         Stopping libcontainer container 899…496fd82b7669a1e4722feec5fd9b78e61.
         Stopping libcontainer container 872…c0972ed512070efa6b5055ddb0a38b3fd.
[[0;32m  OK  [0m] Removed slice libcontainer container kubepods-besteffort.slice.
[[0;32m  OK  [0m] Stopped Execute cloud user/final scripts.
[[0;32m  OK  [0m] Stopped target Timers.
[[0;32m  OK  [0m] Stopped Message of the Day.
[[0;32m  OK  [0m] Stopped Daily Cleanup of Temporary Directories.
         Stopping Availability of block devices...
[[0;32m  OK  [0m] Stopped target Host and Network Name Lookups.
[[0;32m  OK  [0m] Stopped Discard unused blocks once a week.
         Stopping libcontainer container dc0…95d20ffdb88d3c7acfece225845931033.
         Stopping Session 7 of user vagrant.
[[0;32m  OK  [0m] Stopped Apply the settings specified in cloud-config.
[[0;32m  OK  [0m] Stopped target Cloud-config availability.
         Stopping libcontainer container 8ad…8bfac710665f71a53882971374ff6ebba.
[[0;32m  OK  [0m] Stopped Daily apt upgrade and clean activities.
[[0;32m  OK  [0m] Stopped Daily apt download activities.
[[0;32m  OK  [0m] Stopped target System Time Synchronized.
[[0;32m  OK  [0m] Stopped target Graphical Interface.
[[0;32m  OK  [0m] Stopped target Multi-User System.
         Stopping Dispatcher daemon for systemd-networkd...
         Stopping D-Bus System Message Bus...
         Stopping OpenBSD Secure Shell server...
         Stopping LXD - container startup/shutdown...
         Stopping irqbalance daemon...
         Stopping System Logging Service...
[[0;32m  OK  [0m] Stopped target Login Prompts.
         Stopping Serial Getty on ttyS0...
         Stopping Getty on tty1...
         Stopping kubelet: The Kubernetes Node Agent...
         Stopping Virtualbox guest utils...
         Stopping Docker Application Container Engine...
         Stopping FUSE filesystem for LXC...
         Stopping Deferred execution scheduler...
[[0;32m  OK  [0m] Stopped Wait until snapd is fully seeded.
         Stopping Unattended Upgrades Shutdown...
         Stopping Regular background program processing daemon...
         Stopping LSB: Record successful boot for GRUB...
         Stopping LSB: automatic crash report generation...
         Stopping Accounts Service...
         Stopping libcontainer container 8c2…dc0bcbd1ba387dac50f9d9cb47a158f76.
[[0;32m  OK  [0m] Unmounted /var/lib/lxcfs.
[[0;32m  OK  [0m] Stopped System Logging Service.
[[0;32m  OK  [0m] Stopped Regular background program processing daemon.
[[0;32m  OK  [0m] Stopped Accounts Service.
[[0;32m  OK  [0m] Stopped Dispatcher daemon for systemd-networkd.
[[0;32m  OK  [0m] Stopped Deferred execution scheduler.
[[0;32m  OK  [0m] Stopped irqbalance daemon.
[[0;32m  OK  [0m] Stopped Serial Getty on ttyS0.
[[0;32m  OK  [0m] Stopped Getty on tty1.
[[0;32m  OK  [0m] Stopped OpenBSD Secure Shell server.
[[0;32m  OK  [0m] Stopped User Manager for UID 1000.
[[0;32m  OK  [0m] Stopped Authorization Manager.
[[0;32m  OK  [0m] Stopped D-Bus System Message Bus.
[[0;32m  OK  [0m] Stopped Session 7 of user vagrant.
[[0;32m  OK  [0m] Stopped libcontainer container 8c23…dc0bcbd1ba387dac50f9d9cb47a158f76.
[[0;32m  OK  [0m] Stopped libcontainer container 8adc…8bfac710665f71a53882971374ff6ebba.
[[0;32m  OK  [0m] Stopped libcontainer container 841a…d91a3742920c783b1aa84a9346faab88f.
[[0;32m  OK  [0m] Stopped libcontainer container 8993…496fd82b7669a1e4722feec5fd9b78e61.
[[0;32m  OK  [0m] Stopped libcontainer container 8728…c0972ed512070efa6b5055ddb0a38b3fd.
[[0;32m  OK  [0m] Stopped libcontainer container dc02…95d20ffdb88d3c7acfece225845931033.
[[0;32m  OK  [0m] Stopped libcontainer container ce29…546c2d1d6be713d81a2b3a11c95941ae5.
[[0;32m  OK  [0m] Removed slice libcontainer containe…af83b6dc66714c834fec364f86f.slice.
[[0;32m  OK  [0m] Removed slice libcontainer containe…c300102ddf0144cf3b7f56a2b77.slice.
[[0;32m  OK  [0m] Removed slice libcontainer containe…89b4ed80ced4f95a59ff60fa102.slice.
[[0;32m  OK  [0m] Removed slice libcontainer containe…1b94849cff3cc524b2f0c74b7ec.slice.
[[0;32m  OK  [0m] Removed slice libcontainer container kubepods-burstable.slice.
[[0;32m  OK  [0m] Removed slice libcontainer container kubepods.slice.
[[0;32m  OK  [0m] Removed slice User Slice of vagrant.
[[0;32m  OK  [0m] Removed slice system-getty.slice.
[[0;32m  OK  [0m] Removed slice system-serial\x2dgetty.slice.
         Stopping Permit User Sessions...
[[0;32m  OK  [0m] Stopped kubelet: The Kubernetes Node Agent.
[[0;32m  OK  [0m] Stopped Permit User Sessions.
[[0;32m  OK  [0m] Unmounted /run/user/1000.
[[0;32m  OK  [0m] Stopped LSB: Record successful boot for GRUB.
[[0;32m  OK  [0m] Stopped LXD - container startup/shutdown.
[[0;32m  OK  [0m] Stopped Unattended Upgrades Shutdown.
         Stopping Login Service...
[[0;32m  OK  [0m] Stopped FUSE filesystem for LXC.
[[0;32m  OK  [0m] Stopped LSB: automatic crash report generation.
[[0;32m  OK  [0m] Stopped target Remote File Systems.
[[0;32m  OK  [0m] Stopped target Remote File Systems (Pre).
[[0;32m  OK  [0m] Stopped Virtualbox guest utils.
[[0;32m  OK  [0m] Unmounted /var/lib/docker/overlay2/…a3267b1a0935a057292ced3a45/merged.
[[0;32m  OK  [0m] Unmounted /var/lib/docker/overlay2/…1b11d36b46e4fcd0a04184997d/merged.
[[0;32m  OK  [0m] Unmounted /var/lib/docker/overlay2/…cd796481aea4c025fc0d1b7bca/merged.
[[0;32m  OK  [0m] Stopped Availability of block devices.
[[0;32m  OK  [0m] Stopped Login Service.
[[0;32m  OK  [0m] Stopped target User and Group Name Lookups.
[[0;32m  OK  [0m] Unmounted /var/lib/docker/container…713d81a2b3a11c95941ae5/mounts/shm.
[[0;32m  OK  [0m] Unmounted /var/lib/docker/overlay2/…09b357cec19648779dca818f7f/merged.
[[0;32m  OK  [0m] Unmounted /var/lib/docker/container…9a1e4722feec5fd9b78e61/mounts/shm.
[[0;32m  OK  [0m] Unmounted /var/lib/docker/overlay2/…6a0545daa1108094df3b5ac118/merged.
[[0;32m  OK  [0m] Unmounted /var/lib/docker/container…f71a53882971374ff6ebba/mounts/shm.
[[0;32m  OK  [0m] Unmounted /var/lib/docker/container…d3c7acfece225845931033/mounts/shm.
[[0;32m  OK  [0m] Unmounted /var/lib/docker/overlay2/…b921b9d95855f5ef6981c70eb3/merged.
[[0;32m  OK  [0m] Unmounted /var/lib/docker/overlay2/…5f379a24d014b30e43d4dd0204/merged.
[[0;32m  OK  [0m] Stopped Docker Application Container Engine.
         Stopping containerd container runtime...
[[0;32m  OK  [0m] Stopped target Network is Online.
[[0;32m  OK  [0m] Stopped containerd container runtime.
[[0;32m  OK  [0m] Stopped target Basic System.
[[0;32m  OK  [0m] Stopped target Sockets.
[[0;32m  OK  [0m] Closed D-Bus System Message Bus Socket.
[[0;32m  OK  [0m] Closed Open-iSCSI iscsid Socket.
[[0;32m  OK  [0m] Closed LXD - unix socket.
[[0;32m  OK  [0m] Closed UUID daemon activation socket.
[[0;32m  OK  [0m] Closed Docker Socket for the API.
[[0;32m  OK  [0m] Closed Syslog Socket.
[[0;32m  OK  [0m] Closed Socket activation for snappy daemon.
[[0;32m  OK  [0m] Closed ACPID Listen Socket.
[[0;32m  OK  [0m] Stopped target Paths.
[[0;32m  OK  [0m] Stopped ACPI Events Check.
[[0;32m  OK  [0m] Stopped target Slices.
[[0;32m  OK  [0m] Removed slice User and Session Slice.
[[0;32m  OK  [0m] Stopped target System Initialization.
         Stopping Update UTMP about System Boot/Shutdown...
[[0;32m  OK  [0m] Stopped target Local Encrypted Volumes.
[[0;32m  OK  [0m] Stopped Dispatch Password Requests to Console Directory Watch.
[[0;32m  OK  [0m] Stopped Forward Password Requests to Wall Directory Watch.
         Stopping Load/Save Random Seed...
[[0;32m  OK  [0m] Stopped Initial cloud-init job (metadata service crawler).
[[0;32m  OK  [0m] Stopped target Swap.
[[0;32m  OK  [0m] Stopped target Network.
         Stopping Network Name Resolution...
[[0;32m  OK  [0m] Stopped Network Name Resolution.
[[0;32m  OK  [0m] Stopped Load/Save Random Seed.
         Stopping Network Service...
[[0;32m  OK  [0m] Stopped Update UTMP about System Boot/Shutdown.
[[0;32m  OK  [0m] Stopped Create Volatile Files and Directories.
[[0;32m  OK  [0m] Stopped target Local File Systems.
         Unmounting /vagrant...
         Unmounting /run/docker/netns/default...
[[0;32m  OK  [0m] Stopped Network Service.
[[0;32m  OK  [0m] Stopped target Network (Pre).
[[0;32m  OK  [0m] Stopped Initial cloud-init job (pre-networking).
[[0;32m  OK  [0m] Stopped Apply Kernel Variables.
[[0;32m  OK  [0m] Stopped Load Kernel Modules.
[[0;32m  OK  [0m] Unmounted /vagrant.
[[0;32m  OK  [0m] Unmounted /run/docker/netns/default.
[[0;32m  OK  [0m] Reached target Unmount All Filesystems.
[[0;32m  OK  [0m] Stopped target Local File Systems (Pre).
[[0;32m  OK  [0m] Stopped Remount Root and Kernel File Systems.
         Stopping Monitoring of LVM2 mirrors…ng dmeventd or progress polling...
[[0;32m  OK  [0m] Stopped Create Static Device Nodes in /dev.
[[0;32m  OK  [0m] Reached target Shutdown.
[[0;32m  OK  [0m] Reached target Final Step.
         Starting Power-Off...
[  322.384520] reboot: Power down
